MCFCRT/stdc/stdlib/atexit.c
MCFCRT/stdc/stdlib/malloc.c
MCFCRT/stdc/stdlib/realloc.c
MCFCRT/stdc/stdlib/calloc.c
MCFCRT/stdc/stdlib/free.c
MCFCRT/ext/wcscpyout.c
MCFCRT/env/argv.c
MCFCRT/env/bail.c
MCFCRT/env/dlmalloc.c
MCFCRT/env/module.c
MCFCRT/env/last_error.c
MCFCRT/env/fenv.c
MCFCRT/env/mingw_hacks.c
MCFCRT/env/avl_tree.c
MCFCRT/env/thread.c
MCFCRT/env/heap.c
MCFCRT/env/heap_dbg.c
MCFCRT/env/cxa_throw.cpp
MCFCRT/exe/exe_startup.c
MCF/Core/Argv.cpp
MCF/Core/Exception.cpp
MCF/Core/StringObserver.cpp
MCF/Core/String.cpp
MCF/Core/File.cpp
MCF/Core/Utf8TextFile.cpp
MCF/Core/System.cpp
MCF/Core/Time.cpp
MCF/Core/StreamBuffer.cpp
MCF/Thread/_UniqueWin32Handle.cpp
MCF/Thread/Thread.cpp
MCF/Thread/Mutex.cpp
MCF/Thread/Semaphore.cpp
MCF/Languages/MNotation.cpp
MCF/Hash/Sha256.cpp
